
=== [2026-04-09 22:09:27] Incident Report ===
Type: FIRE
Location: Lat = 13.010602, Lon = 80.23453

--- Nearest Fire Stations ---
Primary: Unknown fire_station (2.76 km)
Backup: Fire and Rescue station (2.77 km)

--- Nearest Police Stations ---
Primary: Srinagar colony police booth (0.82 km)
Backup: Police Station - J1 - Saidapet (1.60 km)
===================================

=== [2026-04-09 22:09:38] Incident Report ===
Type: THREAT
Location: Lat = 13.010602, Lon = 80.23453

--- Nearest Fire Stations ---
Primary: Unknown fire_station (2.76 km)
Backup: Fire and Rescue station (2.77 km)

--- Nearest Police Stations ---
Primary: Srinagar colony police booth (0.82 km)
Backup: Police Station - J1 - Saidapet (1.60 km)
===================================
